TN:
SF:src/lib/env-config.ts
FN:1,get
FN:4,getEnvConfig
FNF:2
FNH:2
FNDA:5,get
FNDA:5,getEnvConfig
DA:1,0
DA:4,1
DA:5,5
DA:6,3
DA:7,3
DA:8,2
DA:9,2
DA:10,2
DA:11,2
DA:12,2
LF:10
LH:9
BRDA:1,0,0,5
BRDA:1,1,0,0
BRDA:4,2,0,5
BRDA:5,3,0,3
BRDA:7,4,0,2
BRF:5
BRH:4
end_of_record
TN:
SF:src/lib/export-utils.ts
FN:1,get
FN:4,generateReport
FN:8,repositories.reduce.critical
FN:62,exportAsJSON
FN:66,exportAsCSV
FN:100,exportAsPDF
FN:204,downloadFile
FN:216,printPDF
FNF:8
FNH:5
FNDA:5,get
FNDA:3,generateReport
FNDA:6,repositories.reduce.critical
FNDA:0,exportAsJSON
FNDA:1,exportAsCSV
FNDA:1,exportAsPDF
FNDA:0,downloadFile
FNDA:0,printPDF
DA:1,0
DA:3,1
DA:4,1
DA:5,3
DA:6,3
DA:8,3
DA:9,6
DA:10,6
DA:11,6
DA:12,6
DA:13,6
DA:14,6
DA:15,6
DA:16,6
DA:17,6
DA:18,3
DA:20,3
DA:21,6
DA:22,3
DA:24,3
DA:25,6
DA:26,6
DA:27,6
DA:28,6
DA:29,3
DA:31,3
DA:33,3
DA:34,3
DA:36,3
DA:37,3
DA:38,3
DA:39,3
DA:40,3
DA:41,3
DA:42,3
DA:43,3
DA:44,3
DA:45,3
DA:46,3
DA:47,3
DA:48,3
DA:49,3
DA:50,3
DA:51,3
DA:52,3
DA:53,3
DA:54,3
DA:55,3
DA:56,3
DA:57,3
DA:58,3
DA:59,3
DA:60,3
DA:62,1
DA:63,0
DA:64,0
DA:66,1
DA:67,1
DA:68,1
DA:69,1
DA:70,1
DA:71,1
DA:72,1
DA:73,1
DA:74,1
DA:75,1
DA:76,1
DA:77,1
DA:78,1
DA:79,1
DA:80,1
DA:82,1
DA:83,2
DA:84,2
DA:85,2
DA:86,2
DA:87,2
DA:88,2
DA:89,2
DA:90,2
DA:91,2
DA:92,2
DA:93,2
DA:94,2
DA:95,1
DA:97,1
DA:98,1
DA:100,1
DA:102,1
DA:126,1
DA:127,1
DA:128,1
DA:129,1
DA:137,1
DA:138,1
DA:142,1
DA:143,1
DA:147,1
DA:148,1
DA:153,1
DA:154,1
DA:176,1
DA:177,2
DA:178,2
DA:179,2
DA:180,2
DA:181,2
DA:182,2
DA:183,2
DA:184,2
DA:185,2
DA:186,2
DA:188,1
DA:197,1
DA:201,1
DA:202,1
DA:204,1
DA:205,0
DA:206,0
DA:207,0
DA:208,0
DA:209,0
DA:210,0
DA:211,0
DA:212,0
DA:213,0
DA:214,0
DA:216,1
DA:217,0
DA:218,0
DA:219,0
DA:220,0
DA:221,0
DA:222,0
DA:223,0
DA:224,0
DA:225,0
DA:226,0
LF:138
LH:115
BRDA:1,0,0,5
BRDA:1,1,0,0
BRDA:4,2,0,3
BRDA:31,3,0,0
BRDA:33,4,0,0
BRDA:33,5,0,0
BRDA:34,6,0,0
BRDA:8,7,0,6
BRDA:9,8,0,0
BRDA:20,9,0,6
BRDA:24,10,0,6
BRDA:25,11,0,0
BRDA:56,12,0,6
BRDA:57,13,0,6
BRDA:66,14,0,1
BRDA:82,15,0,2
BRDA:85,16,0,0
BRDA:87,17,0,1
BRDA:88,18,0,1
BRDA:89,19,0,1
BRDA:92,20,0,0
BRDA:93,21,0,0
BRDA:94,22,0,0
BRDA:97,23,0,3
BRDA:100,24,0,1
BRDA:153,25,0,0
BRDA:154,26,0,0
BRDA:176,27,0,2
BRDA:177,28,0,1
BRDA:177,29,0,1
BRDA:177,30,0,0
BRDA:180,31,0,0
BRDA:182,32,0,1
BRDA:183,33,0,1
BRDA:184,34,0,1
BRDA:186,35,0,0
BRF:36
BRH:20
end_of_record
TN:
SF:src/lib/github-service.ts
FN:1,get
FN:27,<instance_members_initializer>
FN:39,<static_initializer>
FN:41,GitHubService
FN:46,acquire
FN:55,release
FN:62,rateLimitGate
FN:75,getRateLimitState
FN:76,clearCache
FN:78,cacheKey
FN:84,readCache
FN:94,writeCache
FN:98,makeRequest
FN:178,getOrganizationRepositories
FN:257,getWorkflows
FN:271,getWorkflowRuns
FN:305,getSecurityFindings
FN:358,dispatchWorkflow
FN:374,findCodeQLWorkflow
FN:388,dispatchCodeQLScan
FN:397,getUserInfo
FN:401,getOrganizationInfo
FN:405,mapWorkflowStatus
FN:421,mapRuleSeverity
FN:434,createGitHubService
FNF:25
FNH:21
FNDA:12,get
FNDA:6,<instance_members_initializer>
FNDA:1,<static_initializer>
FNDA:6,GitHubService
FNDA:10,acquire
FNDA:10,release
FNDA:10,rateLimitGate
FNDA:0,getRateLimitState
FNDA:6,clearCache
FNDA:11,cacheKey
FNDA:6,readCache
FNDA:3,writeCache
FNDA:11,makeRequest
FNDA:0,getOrganizationRepositories
FNDA:2,getWorkflows
FNDA:1,getWorkflowRuns
FNDA:2,getSecurityFindings
FNDA:1,dispatchWorkflow
FNDA:2,findCodeQLWorkflow
FNDA:1,dispatchCodeQLScan
FNDA:4,getUserInfo
FNDA:1,getOrganizationInfo
FNDA:0,mapWorkflowStatus
FNDA:3,mapRuleSeverity
FNDA:0,createGitHubService
DA:1,0
DA:27,1
DA:28,6
DA:29,6
DA:31,6
DA:33,6
DA:34,6
DA:35,6
DA:36,6
DA:39,6
DA:41,6
DA:42,6
DA:43,6
DA:46,6
DA:47,10
DA:48,10
DA:49,10
DA:50,10
DA:51,0
DA:52,10
DA:55,6
DA:56,10
DA:57,10
DA:58,10
DA:59,10
DA:62,6
DA:63,10
DA:64,10
DA:65,0
DA:66,0
DA:67,0
DA:68,0
DA:69,0
DA:70,0
DA:71,0
DA:72,10
DA:75,6
DA:76,6
DA:78,6
DA:81,11
DA:82,11
DA:84,6
DA:85,6
DA:86,6
DA:87,6
DA:88,0
DA:89,0
DA:90,0
DA:91,1
DA:92,6
DA:94,6
DA:95,3
DA:96,3
DA:98,6
DA:99,11
DA:100,11
DA:101,11
DA:102,11
DA:103,11
DA:104,6
DA:105,6
DA:106,6
DA:108,10
DA:109,10
DA:110,10
DA:111,10
DA:112,10
DA:113,10
DA:114,10
DA:115,10
DA:116,10
DA:117,10
DA:118,10
DA:119,10
DA:120,10
DA:123,11
DA:124,11
DA:125,11
DA:126,11
DA:127,1
DA:128,1
DA:129,1
DA:130,1
DA:131,1
DA:132,1
DA:133,1
DA:135,11
DA:137,0
DA:138,0
DA:139,0
DA:141,11
DA:143,2
DA:144,1
DA:145,1
DA:147,1
DA:148,1
DA:149,1
DA:150,1
DA:151,1
DA:152,1
DA:153,1
DA:155,1
DA:156,1
DA:157,2
DA:158,2
DA:159,2
DA:160,2
DA:161,2
DA:162,2
DA:163,1
DA:164,1
DA:165,1
DA:166,1
DA:168,8
DA:169,11
DA:170,8
DA:171,11
DA:172,10
DA:173,10
DA:176,11
DA:178,6
DA:179,0
DA:180,0
DA:181,0
DA:182,0
DA:183,0
DA:184,0
DA:188,0
DA:189,0
DA:190,0
DA:191,0
DA:193,0
DA:194,0
DA:195,0
DA:196,0
DA:197,0
DA:199,0
DA:200,0
DA:201,0
DA:202,0
DA:204,0
DA:205,0
DA:206,0
DA:207,0
DA:208,0
DA:209,0
DA:210,0
DA:211,0
DA:212,0
DA:213,0
DA:215,0
DA:217,0
DA:218,0
DA:219,0
DA:220,0
DA:221,0
DA:222,0
DA:223,0
DA:224,0
DA:225,0
DA:226,0
DA:227,0
DA:228,0
DA:229,0
DA:230,0
DA:231,0
DA:232,0
DA:233,0
DA:234,0
DA:235,0
DA:236,0
DA:237,0
DA:238,0
DA:239,0
DA:240,0
DA:241,0
DA:242,0
DA:243,0
DA:244,0
DA:245,0
DA:247,0
DA:248,0
DA:249,0
DA:251,0
DA:252,0
DA:253,0
DA:254,0
DA:255,0
DA:257,6
DA:258,2
DA:259,2
DA:260,2
DA:261,2
DA:262,2
DA:263,2
DA:264,2
DA:265,2
DA:266,0
DA:267,0
DA:268,0
DA:269,2
DA:271,6
DA:272,1
DA:273,1
DA:275,1
DA:276,1
DA:277,1
DA:279,1
DA:281,1
DA:284,1
DA:285,1
DA:286,1
DA:287,0
DA:288,1
DA:289,1
DA:291,1
DA:292,1
DA:293,1
DA:294,1
DA:295,1
DA:296,1
DA:297,1
DA:298,1
DA:299,1
DA:300,0
DA:301,0
DA:302,0
DA:303,1
DA:305,6
DA:306,2
DA:307,2
DA:308,2
DA:309,2
DA:310,2
DA:311,2
DA:313,1
DA:314,1
DA:315,1
DA:316,1
DA:317,1
DA:318,1
DA:319,1
DA:320,1
DA:322,1
DA:323,5
DA:324,5
DA:325,5
DA:326,1
DA:327,1
DA:328,5
DA:329,1
DA:330,1
DA:331,5
DA:332,1
DA:333,1
DA:334,5
DA:335,1
DA:336,1
DA:337,5
DA:338,1
DA:339,1
DA:340,5
DA:341,1
DA:343,1
DA:344,1
DA:346,1
DA:347,1
DA:348,1
DA:349,1
DA:350,1
DA:351,1
DA:352,1
DA:353,1
DA:354,1
DA:355,1
DA:356,2
DA:358,6
DA:359,1
DA:360,1
DA:361,1
DA:362,1
DA:363,1
DA:364,1
DA:365,1
DA:366,1
DA:367,1
DA:368,1
DA:369,1
DA:370,1
DA:371,1
DA:372,1
DA:374,6
DA:375,2
DA:376,2
DA:377,2
DA:378,2
DA:379,0
DA:380,2
DA:381,2
DA:382,2
DA:383,0
DA:384,0
DA:385,0
DA:386,2
DA:388,6
DA:389,1
DA:390,1
DA:391,0
DA:392,0
DA:394,1
DA:395,1
DA:397,6
DA:398,4
DA:399,4
DA:401,6
DA:402,1
DA:403,1
DA:405,6
DA:406,0
DA:407,0
DA:408,0
DA:410,0
DA:411,0
DA:412,0
DA:414,0
DA:415,0
DA:416,0
DA:418,0
DA:419,0
DA:421,6
DA:422,3
DA:423,3
DA:424,1
DA:425,3
DA:426,1
DA:427,3
DA:428,3
DA:429,1
DA:430,3
DA:431,3
DA:432,6
DA:434,1
DA:435,0
DA:436,0
LF:344
LH:236
BRDA:1,0,0,12
BRDA:1,1,0,0
BRDA:27,2,0,6
BRDA:39,3,0,1
BRDA:41,4,0,6
BRDA:46,5,0,10
BRDA:50,6,0,0
BRDA:55,7,0,10
BRDA:58,8,0,0
BRDA:62,9,0,10
BRDA:64,10,0,0
BRDA:64,11,0,0
BRDA:64,12,0,0
BRDA:76,13,0,6
BRDA:78,14,0,11
BRDA:84,15,0,6
BRDA:86,16,0,5
BRDA:86,17,0,1
BRDA:87,18,0,0
BRDA:90,19,0,1
BRDA:94,20,0,3
BRDA:98,21,0,11
BRDA:99,22,0,10
BRDA:100,23,0,10
BRDA:103,24,0,10
BRDA:103,25,0,6
BRDA:105,26,0,1
BRDA:106,27,0,10
BRDA:123,28,0,2
BRDA:124,29,0,2
BRDA:125,30,0,2
BRDA:126,31,0,1
BRDA:126,32,0,1
BRDA:126,33,0,1
BRDA:133,34,0,10
BRDA:135,35,0,0
BRDA:135,36,0,0
BRDA:139,37,0,10
BRDA:141,38,0,2
BRDA:143,39,0,1
BRDA:145,40,0,0
BRDA:157,41,0,0
BRDA:158,42,0,1
BRDA:158,43,0,0
BRDA:161,44,0,0
BRDA:162,45,0,1
BRDA:166,46,0,8
BRDA:169,47,0,7
BRDA:169,48,0,3
BRDA:169,49,0,0
BRDA:169,50,0,8
BRDA:171,51,0,10
BRDA:150,52,0,1
BRDA:257,53,0,2
BRDA:265,54,0,0
BRDA:271,55,0,1
BRDA:299,56,0,0
BRDA:285,57,0,1
BRDA:286,58,0,0
BRDA:291,59,0,1
BRDA:305,60,0,2
BRDA:311,61,0,1
BRDA:322,62,0,5
BRDA:323,63,0,3
BRDA:325,64,0,1
BRDA:328,65,0,1
BRDA:331,66,0,1
BRDA:334,67,0,1
BRDA:337,68,0,1
BRDA:358,69,0,1
BRDA:374,70,0,2
BRDA:381,71,0,0
BRDA:382,72,0,0
BRDA:377,73,0,2
BRDA:378,74,0,0
BRDA:388,75,0,1
BRDA:390,76,0,0
BRDA:397,77,0,4
BRDA:401,78,0,1
BRDA:421,79,0,3
BRDA:423,80,0,1
BRDA:425,81,0,1
BRDA:427,82,0,1
BRDA:428,83,0,1
BRF:84
BRH:63
end_of_record
TN:
SF:src/lib/utils.ts
FN:1,get
FN:4,cn
FNF:2
FNH:2
FNDA:33,get
FNDA:33,cn
DA:1,0
DA:2,1
DA:4,1
DA:5,33
DA:6,33
LF:5
LH:4
BRDA:1,0,0,33
BRDA:1,1,0,0
BRDA:4,2,0,33
BRF:3
BRH:2
end_of_record
