TN:
SF:src/lib/export-utils.ts
FN:4,generateReport
FN:8,repositories.reduce.critical
FN:62,exportAsJSON
FN:66,exportAsCSV
FN:100,exportAsPDF
FN:204,downloadFile
FN:216,printPDF
FNF:7
FNH:4
FNDA:3,generateReport
FNDA:6,repositories.reduce.critical
FNDA:0,exportAsJSON
FNDA:1,exportAsCSV
FNDA:1,exportAsPDF
FNDA:0,downloadFile
FNDA:0,printPDF
DA:3,1
DA:4,1
DA:5,3
DA:6,3
DA:8,3
DA:9,6
DA:10,6
DA:11,6
DA:12,6
DA:13,6
DA:14,6
DA:15,6
DA:16,6
DA:17,6
DA:18,3
DA:20,3
DA:21,6
DA:22,3
DA:24,3
DA:25,6
DA:26,6
DA:27,6
DA:28,6
DA:29,3
DA:31,3
DA:33,3
DA:34,3
DA:36,3
DA:37,3
DA:38,3
DA:39,3
DA:40,3
DA:41,3
DA:42,3
DA:43,3
DA:44,3
DA:45,3
DA:46,3
DA:47,3
DA:48,3
DA:49,3
DA:50,3
DA:51,3
DA:52,3
DA:53,3
DA:54,3
DA:55,3
DA:56,3
DA:57,3
DA:58,3
DA:59,3
DA:60,3
DA:62,1
DA:63,0
DA:64,0
DA:66,1
DA:67,1
DA:68,1
DA:69,1
DA:70,1
DA:71,1
DA:72,1
DA:73,1
DA:74,1
DA:75,1
DA:76,1
DA:77,1
DA:78,1
DA:79,1
DA:80,1
DA:82,1
DA:83,2
DA:84,2
DA:85,2
DA:86,2
DA:87,2
DA:88,2
DA:89,2
DA:90,2
DA:91,2
DA:92,2
DA:93,2
DA:94,2
DA:95,1
DA:97,1
DA:98,1
DA:100,1
DA:102,1
DA:126,1
DA:127,1
DA:128,1
DA:129,1
DA:137,1
DA:138,1
DA:142,1
DA:143,1
DA:147,1
DA:148,1
DA:153,1
DA:154,1
DA:176,1
DA:177,2
DA:178,2
DA:179,2
DA:180,2
DA:181,2
DA:182,2
DA:183,2
DA:184,2
DA:185,2
DA:186,2
DA:188,1
DA:197,1
DA:201,1
DA:202,1
DA:204,1
DA:205,0
DA:206,0
DA:207,0
DA:208,0
DA:209,0
DA:210,0
DA:211,0
DA:212,0
DA:213,0
DA:214,0
DA:216,1
DA:217,0
DA:218,0
DA:219,0
DA:220,0
DA:221,0
DA:222,0
DA:223,0
DA:224,0
DA:225,0
DA:226,0
LF:137
LH:115
BRDA:4,0,0,3
BRDA:31,1,0,0
BRDA:33,2,0,0
BRDA:33,3,0,0
BRDA:34,4,0,0
BRDA:8,5,0,6
BRDA:9,6,0,0
BRDA:20,7,0,6
BRDA:24,8,0,6
BRDA:25,9,0,0
BRDA:56,10,0,6
BRDA:57,11,0,6
BRDA:66,12,0,1
BRDA:82,13,0,2
BRDA:85,14,0,0
BRDA:87,15,0,1
BRDA:88,16,0,1
BRDA:89,17,0,1
BRDA:92,18,0,0
BRDA:93,19,0,0
BRDA:94,20,0,0
BRDA:97,21,0,3
BRDA:100,22,0,1
BRDA:153,23,0,0
BRDA:154,24,0,0
BRDA:176,25,0,2
BRDA:177,26,0,1
BRDA:177,27,0,1
BRDA:177,28,0,0
BRDA:180,29,0,0
BRDA:182,30,0,1
BRDA:183,31,0,1
BRDA:184,32,0,1
BRDA:186,33,0,0
BRF:34
BRH:19
end_of_record
TN:
SF:src/lib/github-service.ts
FN:8,<instance_members_initializer>
FN:12,GitHubService
FN:16,makeRequest
FN:49,getOrganizationRepositories
FN:135,getWorkflows
FN:147,getWorkflowRuns
FN:181,getSecurityFindings
FN:232,dispatchWorkflow
FN:248,findCodeQLWorkflow
FN:262,dispatchCodeQLScan
FN:271,getUserInfo
FN:275,getOrganizationInfo
FN:279,mapWorkflowStatus
FN:295,mapRuleSeverity
FN:308,createGitHubService
FNF:15
FNH:12
FNDA:4,<instance_members_initializer>
FNDA:4,GitHubService
FNDA:8,makeRequest
FNDA:0,getOrganizationRepositories
FNDA:2,getWorkflows
FNDA:1,getWorkflowRuns
FNDA:2,getSecurityFindings
FNDA:1,dispatchWorkflow
FNDA:2,findCodeQLWorkflow
FNDA:1,dispatchCodeQLScan
FNDA:1,getUserInfo
FNDA:1,getOrganizationInfo
FNDA:0,mapWorkflowStatus
FNDA:3,mapRuleSeverity
FNDA:0,createGitHubService
DA:8,1
DA:9,4
DA:10,4
DA:12,4
DA:13,4
DA:14,4
DA:16,4
DA:17,8
DA:18,8
DA:19,8
DA:20,8
DA:21,8
DA:22,8
DA:23,8
DA:24,8
DA:25,8
DA:27,8
DA:28,1
DA:29,1
DA:32,1
DA:33,1
DA:34,1
DA:35,0
DA:36,0
DA:37,1
DA:38,1
DA:39,1
DA:40,1
DA:41,1
DA:43,1
DA:44,1
DA:46,7
DA:47,8
DA:49,4
DA:50,0
DA:51,0
DA:52,0
DA:53,0
DA:55,0
DA:56,0
DA:57,0
DA:59,0
DA:60,0
DA:61,0
DA:62,0
DA:63,0
DA:66,0
DA:67,0
DA:69,0
DA:70,0
DA:71,0
DA:72,0
DA:73,0
DA:74,0
DA:75,0
DA:76,0
DA:79,0
DA:81,0
DA:82,0
DA:83,0
DA:84,0
DA:85,0
DA:86,0
DA:87,0
DA:88,0
DA:89,0
DA:90,0
DA:91,0
DA:92,0
DA:93,0
DA:94,0
DA:95,0
DA:96,0
DA:97,0
DA:98,0
DA:99,0
DA:100,0
DA:101,0
DA:102,0
DA:103,0
DA:104,0
DA:105,0
DA:106,0
DA:107,0
DA:108,0
DA:109,0
DA:110,0
DA:111,0
DA:112,0
DA:113,0
DA:114,0
DA:115,0
DA:116,0
DA:117,0
DA:118,0
DA:119,0
DA:120,0
DA:121,0
DA:122,0
DA:125,0
DA:126,0
DA:127,0
DA:129,0
DA:130,0
DA:131,0
DA:132,0
DA:133,0
DA:135,4
DA:136,2
DA:137,2
DA:138,2
DA:139,2
DA:140,2
DA:141,2
DA:142,0
DA:143,0
DA:144,0
DA:145,2
DA:147,4
DA:148,1
DA:149,1
DA:151,1
DA:152,1
DA:153,1
DA:155,1
DA:157,1
DA:160,1
DA:161,1
DA:162,1
DA:163,0
DA:164,1
DA:165,1
DA:167,1
DA:168,1
DA:169,1
DA:170,1
DA:171,1
DA:172,1
DA:173,1
DA:174,1
DA:175,1
DA:176,0
DA:177,0
DA:178,0
DA:179,1
DA:181,4
DA:182,2
DA:183,2
DA:184,2
DA:185,2
DA:187,1
DA:188,1
DA:189,1
DA:190,1
DA:191,1
DA:192,1
DA:193,1
DA:194,1
DA:196,1
DA:197,5
DA:198,5
DA:199,5
DA:200,1
DA:201,1
DA:202,5
DA:203,1
DA:204,1
DA:205,5
DA:206,1
DA:207,1
DA:208,5
DA:209,1
DA:210,1
DA:211,5
DA:212,1
DA:213,1
DA:214,5
DA:215,1
DA:217,1
DA:218,1
DA:220,1
DA:221,1
DA:222,1
DA:223,1
DA:224,1
DA:225,1
DA:226,1
DA:227,1
DA:228,1
DA:229,1
DA:230,2
DA:232,4
DA:233,1
DA:234,1
DA:235,1
DA:236,1
DA:237,1
DA:238,1
DA:239,1
DA:240,1
DA:241,1
DA:242,1
DA:243,1
DA:244,1
DA:245,1
DA:246,1
DA:248,4
DA:249,2
DA:250,2
DA:251,2
DA:252,2
DA:253,0
DA:254,2
DA:255,2
DA:256,2
DA:257,0
DA:258,0
DA:259,0
DA:260,2
DA:262,4
DA:263,1
DA:264,1
DA:265,0
DA:266,0
DA:268,1
DA:269,1
DA:271,4
DA:272,1
DA:273,1
DA:275,4
DA:276,1
DA:277,1
DA:279,4
DA:280,0
DA:281,0
DA:282,0
DA:284,0
DA:285,0
DA:286,0
DA:288,0
DA:289,0
DA:290,0
DA:292,0
DA:293,0
DA:295,4
DA:296,3
DA:297,3
DA:298,1
DA:299,3
DA:300,1
DA:301,3
DA:302,3
DA:303,1
DA:304,3
DA:305,3
DA:306,4
DA:308,1
DA:309,0
DA:310,0
LF:259
LH:158
BRDA:8,0,0,4
BRDA:12,1,0,4
BRDA:16,2,0,8
BRDA:27,3,0,1
BRDA:34,4,0,0
BRDA:44,5,0,7
BRDA:135,6,0,2
BRDA:141,7,0,0
BRDA:147,8,0,1
BRDA:175,9,0,0
BRDA:161,10,0,1
BRDA:162,11,0,0
BRDA:167,12,0,1
BRDA:181,13,0,2
BRDA:185,14,0,1
BRDA:196,15,0,5
BRDA:197,16,0,3
BRDA:199,17,0,1
BRDA:202,18,0,1
BRDA:205,19,0,1
BRDA:208,20,0,1
BRDA:211,21,0,1
BRDA:232,22,0,1
BRDA:248,23,0,2
BRDA:255,24,0,0
BRDA:256,25,0,0
BRDA:251,26,0,2
BRDA:252,27,0,0
BRDA:262,28,0,1
BRDA:264,29,0,0
BRDA:271,30,0,1
BRDA:275,31,0,1
BRDA:295,32,0,3
BRDA:297,33,0,1
BRDA:299,34,0,1
BRDA:301,35,0,1
BRDA:302,36,0,1
BRF:37
BRH:29
end_of_record
TN:
SF:src/lib/utils.ts
FN:1,(empty-report)
FNF:1
FNH:0
FNDA:0,(empty-report)
DA:1,0
DA:4,0
DA:5,0
DA:6,0
LF:4
LH:0
BRDA:1,0,0,0
BRF:1
BRH:0
end_of_record
